<?xml version="1.0" encoding="UTF-8"?>
<!-- Generated by org.testng.reporters.JUnitReportReporter -->
<testsuite skipped="0" hostname="LAPTOP-P36DIHBF" name="test1.addtestpage" tests="1" failures="0" timestamp="08 Apr 2023 16:24:31 GMT" time="6.649" errors="0">
  <testcase name="usershouldbeabletoaddpage" time="6.649" classname="test1.addtestpage"/>
</testsuite> <!-- test1.addtestpage -->
