<?xml version="1.0" encoding="UTF-8"?>
<!-- Generated by org.testng.reporters.JUnitReportReporter -->
<testsuite skipped="0" hostname="LAPTOP-P36DIHBF" name="test1.monthdropdown" tests="1" failures="0" timestamp="08 Apr 2023 16:29:10 GMT" time="3.733" errors="0">
  <testcase name="usershouldbeabletoseemonthdropdown" time="3.733" classname="test1.monthdropdown"/>
</testsuite> <!-- test1.monthdropdown -->
